<?xml version="1.0" encoding="UTF-8"?>
<testng-results ignored="0" total="4" passed="3" failed="1" skipped="0">
  <reporter-output>
  </reporter-output>
  <suite started-at="2025-03-05T11:14:47 IST" name="SuiteInternship" finished-at="2025-03-05T11:16:53 IST" duration-ms="125794">
    <groups>
    </groups>
    <test started-at="2025-03-05T11:14:47 IST" name="LoginPageTest" finished-at="2025-03-05T11:15:05 IST" duration-ms="17721">
      <class name="testcases.LoginPageTest">
        <test-method is-config="true" signature="bfTest()[pri:0, instance:testcases.LoginPageTest@1ce24091]" started-at="2025-03-05T11:14:47 IST" name="bfTest" finished-at="2025-03-05T11:14:58 IST" duration-ms="10847" status="PASS">
          <reporter-output>
          </reporter-output>
        </test-method> <!-- bfTest -->
        <test-method is-config="true" signature="bfClass()[pri:0, instance:testcases.LoginPageTest@1ce24091]" started-at="2025-03-05T11:14:58 IST" name="bfClass" finished-at="2025-03-05T11:14:58 IST" duration-ms="229" status="PASS">
          <reporter-output>
          </reporter-output>
        </test-method> <!-- bfClass -->
        <test-method signature="btnDisplay()[pri:0, instance:testcases.LoginPageTest@1ce24091]" started-at="2025-03-05T11:14:58 IST" name="btnDisplay" finished-at="2025-03-05T11:14:59 IST" duration-ms="197" status="PASS">
          <reporter-output>
          </reporter-output>
        </test-method> <!-- btnDisplay -->
        <test-method signature="login()[pri:0, instance:testcases.LoginPageTest@1ce24091]" started-at="2025-03-05T11:14:59 IST" name="login" finished-at="2025-03-05T11:15:05 IST" duration-ms="6284" status="PASS">
          <reporter-output>
          </reporter-output>
        </test-method> <!-- login -->
      </class> <!-- testcases.LoginPageTest -->
    </test> <!-- LoginPageTest -->
    <test started-at="2025-03-05T11:15:05 IST" name="AdminDashboardTest" finished-at="2025-03-05T11:16:14 IST" duration-ms="68598">
      <class name="testcases.AdminDashboardTest">
        <test-method is-config="true" signature="bfTest()[pri:0, instance:testcases.AdminDashboardTest@192c3f1e]" started-at="2025-03-05T11:15:05 IST" name="bfTest" finished-at="2025-03-05T11:15:13 IST" duration-ms="7434" status="PASS">
          <reporter-output>
          </reporter-output>
        </test-method> <!-- bfTest -->
        <test-method is-config="true" signature="bfClass()[pri:0, instance:testcases.AdminDashboardTest@192c3f1e]" started-at="2025-03-05T11:15:13 IST" name="bfClass" finished-at="2025-03-05T11:15:14 IST" duration-ms="1052" status="PASS">
          <reporter-output>
          </reporter-output>
        </test-method> <!-- bfClass -->
        <test-method signature="projectAdd()[pri:0, instance:testcases.AdminDashboardTest@192c3f1e]" started-at="2025-03-05T11:15:14 IST" name="projectAdd" finished-at="2025-03-05T11:16:14 IST" duration-ms="60057" status="FAIL">
          <exception class="org.openqa.selenium.UnhandledAlertException">
            <message>
              <![CDATA[unexpected alert open: {Alert text : Invalid project topics}
  (Session info: chrome=133.0.6943.142): Invalid project topics
Build info: version: '4.27.0', revision: 'd6e718d134'
System info: os.name: 'Windows 11', os.arch: 'amd64', os.version: '10.0', java.version: '23.0.1'
Driver info: org.openqa.selenium.chrome.ChromeDriver
Command: [5b4d890886f31f1678e5742abbd751e2, findElement {value=MuiDialog-container, using=class name}]
Capabilities {acceptInsecureCerts: false, browserName: chrome, browserVersion: 133.0.6943.142, chrome: {chromedriverVersion: 133.0.6943.141 (2a5d6da0d61..., userDataDir: C:\Users\HP\AppData\Local\T...}, fedcm:accounts: true, goog:chromeOptions: {debuggerAddress: localhost:54322}, networkConnectionEnabled: false, pageLoadStrategy: normal, platformName: windows, proxy: Proxy(), se:cdp: ws://localhost:54322/devtoo..., se:cdpVersion: 133.0.6943.142, setWindowRect: true, strictFileInteractability: false, timeouts: {implicit: 0, pageLoad: 300000, script: 30000}, unhandledPromptBehavior: dismiss and notify, webauthn:extension:credBlob: true, webauthn:extension:largeBlob: true, webauthn:extension:minPinLength: true, webauthn:extension:prf: true, webauthn:virtualAuthenticators: true}
Session ID: 5b4d890886f31f1678e5742abbd751e2]]>
            </message>
            <full-stacktrace>
              <![CDATA[org.openqa.selenium.UnhandledAlertException: unexpected alert open: {Alert text : Invalid project topics}
  (Session info: chrome=133.0.6943.142): Invalid project topics
Build info: version: '4.27.0', revision: 'd6e718d134'
System info: os.name: 'Windows 11', os.arch: 'amd64', os.version: '10.0', java.version: '23.0.1'
Driver info: org.openqa.selenium.chrome.ChromeDriver
Command: [5b4d890886f31f1678e5742abbd751e2, findElement {value=MuiDialog-container, using=class name}]
Capabilities {acceptInsecureCerts: false, browserName: chrome, browserVersion: 133.0.6943.142, chrome: {chromedriverVersion: 133.0.6943.141 (2a5d6da0d61..., userDataDir: C:\Users\HP\AppData\Local\T...}, fedcm:accounts: true, goog:chromeOptions: {debuggerAddress: localhost:54322}, networkConnectionEnabled: false, pageLoadStrategy: normal, platformName: windows, proxy: Proxy(), se:cdp: ws://localhost:54322/devtoo..., se:cdpVersion: 133.0.6943.142, setWindowRect: true, strictFileInteractability: false, timeouts: {implicit: 0, pageLoad: 300000, script: 30000}, unhandledPromptBehavior: dismiss and notify, webauthn:extension:credBlob: true, webauthn:extension:largeBlob: true, webauthn:extension:minPinLength: true, webauthn:extension:prf: true, webauthn:virtualAuthenticators: true}
Session ID: 5b4d890886f31f1678e5742abbd751e2
at org.openqa.selenium.remote.codec.w3c.W3CHttpResponseCodec.decode(W3CHttpResponseCodec.java:136)
at org.openqa.selenium.remote.codec.w3c.W3CHttpResponseCodec.decode(W3CHttpResponseCodec.java:50)
at org.openqa.selenium.remote.HttpCommandExecutor.execute(HttpCommandExecutor.java:190)
at org.openqa.selenium.remote.service.DriverCommandExecutor.invokeExecute(DriverCommandExecutor.java:216)
at org.openqa.selenium.remote.service.DriverCommandExecutor.execute(DriverCommandExecutor.java:174)
at org.openqa.selenium.remote.RemoteWebDriver.execute(RemoteWebDriver.java:545)
at org.openqa.selenium.remote.ElementLocation$ElementFinder$2.findElement(ElementLocation.java:165)
at org.openqa.selenium.remote.ElementLocation.findElement(ElementLocation.java:59)
at org.openqa.selenium.remote.RemoteWebDriver.findElement(RemoteWebDriver.java:368)
at org.openqa.selenium.remote.RemoteWebDriver.findElement(RemoteWebDriver.java:362)
at org.openqa.selenium.support.ui.ExpectedConditions$20.apply(ExpectedConditions.java:569)
at org.openqa.selenium.support.ui.ExpectedConditions$20.apply(ExpectedConditions.java:565)
at org.openqa.selenium.support.ui.FluentWait.until(FluentWait.java:203)
at pages.AdminDashboard.editMentor(AdminDashboard.java:142)
at testcases.AdminDashboardTest.projectAdd(AdminDashboardTest.java:39)
at java.base/jdk.internal.reflect.DirectMethodHandleAccessor.invoke(DirectMethodHandleAccessor.java:103)
at java.base/java.lang.reflect.Method.invoke(Method.java:580)
at org.testng.internal.invokers.MethodInvocationHelper.invokeMethod(MethodInvocationHelper.java:141)
at org.testng.internal.invokers.TestInvoker.invokeMethod(TestInvoker.java:686)
at org.testng.internal.invokers.TestInvoker.invokeTestMethod(TestInvoker.java:230)
at org.testng.internal.invokers.MethodRunner.runInSequence(MethodRunner.java:63)
at org.testng.internal.invokers.TestInvoker$MethodInvocationAgent.invoke(TestInvoker.java:992)
at org.testng.internal.invokers.TestInvoker.invokeTestMethods(TestInvoker.java:203)
at org.testng.internal.invokers.TestMethodWorker.invokeTestMethods(TestMethodWorker.java:154)
at org.testng.internal.invokers.TestMethodWorker.run(TestMethodWorker.java:134)
at java.base/java.util.ArrayList.forEach(ArrayList.java:1597)
at org.testng.TestRunner.privateRun(TestRunner.java:739)
at org.testng.TestRunner.run(TestRunner.java:614)
at org.testng.SuiteRunner.runTest(SuiteRunner.java:421)
at org.testng.SuiteRunner.runSequentially(SuiteRunner.java:413)
at org.testng.SuiteRunner.privateRun(SuiteRunner.java:373)
at org.testng.SuiteRunner.run(SuiteRunner.java:312)
at org.testng.SuiteRunnerWorker.runSuite(SuiteRunnerWorker.java:52)
at org.testng.SuiteRunnerWorker.run(SuiteRunnerWorker.java:95)
at org.testng.TestNG.runSuitesSequentially(TestNG.java:1274)
at org.testng.TestNG.runSuitesLocally(TestNG.java:1208)
at org.testng.TestNG.runSuites(TestNG.java:1112)
at org.testng.TestNG.run(TestNG.java:1079)
at org.testng.remote.AbstractRemoteTestNG.run(AbstractRemoteTestNG.java:115)
at org.testng.remote.RemoteTestNG.initAndRun(RemoteTestNG.java:293)
at org.testng.remote.RemoteTestNG.main(RemoteTestNG.java:91)
]]>
            </full-stacktrace>
          </exception> <!-- org.openqa.selenium.UnhandledAlertException -->
          <reporter-output>
          </reporter-output>
        </test-method> <!-- projectAdd -->
      </class> <!-- testcases.AdminDashboardTest -->
    </test> <!-- AdminDashboardTest -->
    <test started-at="2025-03-05T11:16:14 IST" name="MentorDasboardTest" finished-at="2025-03-05T11:16:53 IST" duration-ms="38905">
      <class name="testcases.MentorDashboardTest">
        <test-method is-config="true" signature="bfTest()[pri:0, instance:testcases.MentorDashboardTest@2e377400]" started-at="2025-03-05T11:16:14 IST" name="bfTest" finished-at="2025-03-05T11:16:19 IST" duration-ms="5164" status="PASS">
          <reporter-output>
          </reporter-output>
        </test-method> <!-- bfTest -->
        <test-method is-config="true" signature="bfClass()[pri:0, instance:testcases.MentorDashboardTest@2e377400]" started-at="2025-03-05T11:16:19 IST" name="bfClass" finished-at="2025-03-05T11:16:19 IST" duration-ms="153" status="PASS">
          <reporter-output>
          </reporter-output>
        </test-method> <!-- bfClass -->
        <test-method signature="prjctList()[pri:0, instance:testcases.MentorDashboardTest@2e377400]" started-at="2025-03-05T11:16:19 IST" name="prjctList" finished-at="2025-03-05T11:16:53 IST" duration-ms="33500" status="PASS">
          <reporter-output>
          </reporter-output>
        </test-method> <!-- prjctList -->
      </class> <!-- testcases.MentorDashboardTest -->
    </test> <!-- MentorDasboardTest -->
  </suite> <!-- SuiteInternship -->
</testng-results>
